<?xml version="1.0" encoding="UTF-8"?>
<testsuite xmlns:xsi="http://www.w3.org/2001/XMLSchema-instance" xsi:noNamespaceSchemaLocation="https://maven.apache.org/surefire/maven-surefire-plugin/xsd/surefire-test-report.xsd" version="3.0.2" name="com.revature.planetarium.repository.UserServiceMockTest" time="0.04" tests="9" errors="0" skipped="0" failures="0">
  <properties>
    <property name="java.specification.version" value="23"/>
    <property name="sun.cpu.isalist" value="amd64"/>
    <property name="sun.jnu.encoding" value="Cp1252"/>
    <property name="java.class.path" value="C:\Users\Dillard\OneDrive\Desktop\PLANETARIUM-TEAM-Dev_Ishq\PLANETARIUM-TEAM-Dev_Ishq\PLANETARIUM-TEAM-Dev_Ishq\Capstone Project\target\test-classes;C:\Users\Dillard\OneDrive\Desktop\PLANETARIUM-TEAM-Dev_Ishq\PLANETARIUM-TEAM-Dev_Ishq\PLANETARIUM-TEAM-Dev_Ishq\Capstone Project\target\classes;C:\Users\Dillard\.m2\repository\org\slf4j\slf4j-simple\2.0.10\slf4j-simple-2.0.10.jar;C:\Users\Dillard\.m2\repository\org\slf4j\slf4j-api\2.0.10\slf4j-api-2.0.10.jar;C:\Users\Dillard\.m2\repository\org\xerial\sqlite-jdbc\3.45.2.0\sqlite-jdbc-3.45.2.0.jar;C:\Users\Dillard\.m2\repository\io\javalin\javalin\6.1.3\javalin-6.1.3.jar;C:\Users\Dillard\.m2\repository\org\eclipse\jetty\jetty-server\11.0.20\jetty-server-11.0.20.jar;C:\Users\Dillard\.m2\repository\org\eclipse\jetty\jetty-http\11.0.20\jetty-http-11.0.20.jar;C:\Users\Dillard\.m2\repository\org\eclipse\jetty\jetty-util\11.0.20\jetty-util-11.0.20.jar;C:\Users\Dillard\.m2\repository\org\eclipse\jetty\jetty-io\11.0.20\jetty-io-11.0.20.jar;C:\Users\Dillard\.m2\repository\org\eclipse\jetty\toolchain\jetty-jakarta-servlet-api\5.0.2\jetty-jakarta-servlet-api-5.0.2.jar;C:\Users\Dillard\.m2\repository\org\eclipse\jetty\websocket\websocket-jetty-server\11.0.20\websocket-jetty-server-11.0.20.jar;C:\Users\Dillard\.m2\repository\org\eclipse\jetty\jetty-servlet\11.0.20\jetty-servlet-11.0.20.jar;C:\Users\Dillard\.m2\repository\org\eclipse\jetty\jetty-security\11.0.20\jetty-security-11.0.20.jar;C:\Users\Dillard\.m2\repository\org\eclipse\jetty\jetty-webapp\11.0.20\jetty-webapp-11.0.20.jar;C:\Users\Dillard\.m2\repository\org\eclipse\jetty\jetty-xml\11.0.20\jetty-xml-11.0.20.jar;C:\Users\Dillard\.m2\repository\org\eclipse\jetty\websocket\websocket-jetty-api\11.0.20\websocket-jetty-api-11.0.20.jar;C:\Users\Dillard\.m2\repository\org\eclipse\jetty\websocket\websocket-jetty-common\11.0.20\websocket-jetty-common-11.0.20.jar;C:\Users\Dillard\.m2\repository\org\eclipse\jetty\websocket\websocket-core-common\11.0.20\websocket-core-common-11.0.20.jar;C:\Users\Dillard\.m2\repository\org\eclipse\jetty\websocket\websocket-servlet\11.0.20\websocket-servlet-11.0.20.jar;C:\Users\Dillard\.m2\repository\org\eclipse\jetty\websocket\websocket-core-server\11.0.20\websocket-core-server-11.0.20.jar;C:\Users\Dillard\.m2\repository\org\jetbrains\kotlin\kotlin-stdlib-jdk8\1.9.22\kotlin-stdlib-jdk8-1.9.22.jar;C:\Users\Dillard\.m2\repository\org\jetbrains\kotlin\kotlin-stdlib\1.9.22\kotlin-stdlib-1.9.22.jar;C:\Users\Dillard\.m2\repository\org\jetbrains\annotations\13.0\annotations-13.0.jar;C:\Users\Dillard\.m2\repository\org\jetbrains\kotlin\kotlin-stdlib-jdk7\1.9.22\kotlin-stdlib-jdk7-1.9.22.jar;C:\Users\Dillard\.m2\repository\com\fasterxml\jackson\core\jackson-databind\2.13.4\jackson-databind-2.13.4.jar;C:\Users\Dillard\.m2\repository\com\fasterxml\jackson\core\jackson-annotations\2.13.4\jackson-annotations-2.13.4.jar;C:\Users\Dillard\.m2\repository\com\fasterxml\jackson\core\jackson-core\2.13.4\jackson-core-2.13.4.jar;C:\Users\Dillard\.m2\repository\junit\junit\4.13.2\junit-4.13.2.jar;C:\Users\Dillard\.m2\repository\org\hamcrest\hamcrest-core\1.3\hamcrest-core-1.3.jar;C:\Users\Dillard\.m2\repository\org\mockito\mockito-core\2.22.0\mockito-core-2.22.0.jar;C:\Users\Dillard\.m2\repository\net\bytebuddy\byte-buddy\1.8.21\byte-buddy-1.8.21.jar;C:\Users\Dillard\.m2\repository\net\bytebuddy\byte-buddy-agent\1.8.21\byte-buddy-agent-1.8.21.jar;C:\Users\Dillard\.m2\repository\org\objenesis\objenesis\2.6\objenesis-2.6.jar;"/>
    <property name="java.vm.vendor" value="Oracle Corporation"/>
    <property name="sun.arch.data.model" value="64"/>
    <property name="user.variant" value=""/>
    <property name="java.vendor.url" value="https://java.oracle.com/"/>
    <property name="user.timezone" value="America/Chicago"/>
    <property name="os.name" value="Windows 11"/>
    <property name="java.vm.specification.version" value="23"/>
    <property name="sun.java.launcher" value="SUN_STANDARD"/>
    <property name="user.country" value="US"/>
    <property name="sun.boot.library.path" value="C:\Users\Dillard\.jdks\openjdk-23.0.1\bin"/>
    <property name="sun.java.command" value="C:\Users\Dillard\AppData\Local\Temp\surefire17514972132440393714\surefirebooter-20241126143847984_3.jar C:\Users\Dillard\AppData\Local\Temp\surefire17514972132440393714 2024-11-26T14-38-44_194-jvmRun1 surefire-20241126143847984_1tmp surefire_0-20241126143847984_2tmp"/>
    <property name="jdk.debug" value="release"/>
    <property name="surefire.test.class.path" value="C:\Users\Dillard\OneDrive\Desktop\PLANETARIUM-TEAM-Dev_Ishq\PLANETARIUM-TEAM-Dev_Ishq\PLANETARIUM-TEAM-Dev_Ishq\Capstone Project\target\test-classes;C:\Users\Dillard\OneDrive\Desktop\PLANETARIUM-TEAM-Dev_Ishq\PLANETARIUM-TEAM-Dev_Ishq\PLANETARIUM-TEAM-Dev_Ishq\Capstone Project\target\classes;C:\Users\Dillard\.m2\repository\org\slf4j\slf4j-simple\2.0.10\slf4j-simple-2.0.10.jar;C:\Users\Dillard\.m2\repository\org\slf4j\slf4j-api\2.0.10\slf4j-api-2.0.10.jar;C:\Users\Dillard\.m2\repository\org\xerial\sqlite-jdbc\3.45.2.0\sqlite-jdbc-3.45.2.0.jar;C:\Users\Dillard\.m2\repository\io\javalin\javalin\6.1.3\javalin-6.1.3.jar;C:\Users\Dillard\.m2\repository\org\eclipse\jetty\jetty-server\11.0.20\jetty-server-11.0.20.jar;C:\Users\Dillard\.m2\repository\org\eclipse\jetty\jetty-http\11.0.20\jetty-http-11.0.20.jar;C:\Users\Dillard\.m2\repository\org\eclipse\jetty\jetty-util\11.0.20\jetty-util-11.0.20.jar;C:\Users\Dillard\.m2\repository\org\eclipse\jetty\jetty-io\11.0.20\jetty-io-11.0.20.jar;C:\Users\Dillard\.m2\repository\org\eclipse\jetty\toolchain\jetty-jakarta-servlet-api\5.0.2\jetty-jakarta-servlet-api-5.0.2.jar;C:\Users\Dillard\.m2\repository\org\eclipse\jetty\websocket\websocket-jetty-server\11.0.20\websocket-jetty-server-11.0.20.jar;C:\Users\Dillard\.m2\repository\org\eclipse\jetty\jetty-servlet\11.0.20\jetty-servlet-11.0.20.jar;C:\Users\Dillard\.m2\repository\org\eclipse\jetty\jetty-security\11.0.20\jetty-security-11.0.20.jar;C:\Users\Dillard\.m2\repository\org\eclipse\jetty\jetty-webapp\11.0.20\jetty-webapp-11.0.20.jar;C:\Users\Dillard\.m2\repository\org\eclipse\jetty\jetty-xml\11.0.20\jetty-xml-11.0.20.jar;C:\Users\Dillard\.m2\repository\org\eclipse\jetty\websocket\websocket-jetty-api\11.0.20\websocket-jetty-api-11.0.20.jar;C:\Users\Dillard\.m2\repository\org\eclipse\jetty\websocket\websocket-jetty-common\11.0.20\websocket-jetty-common-11.0.20.jar;C:\Users\Dillard\.m2\repository\org\eclipse\jetty\websocket\websocket-core-common\11.0.20\websocket-core-common-11.0.20.jar;C:\Users\Dillard\.m2\repository\org\eclipse\jetty\websocket\websocket-servlet\11.0.20\websocket-servlet-11.0.20.jar;C:\Users\Dillard\.m2\repository\org\eclipse\jetty\websocket\websocket-core-server\11.0.20\websocket-core-server-11.0.20.jar;C:\Users\Dillard\.m2\repository\org\jetbrains\kotlin\kotlin-stdlib-jdk8\1.9.22\kotlin-stdlib-jdk8-1.9.22.jar;C:\Users\Dillard\.m2\repository\org\jetbrains\kotlin\kotlin-stdlib\1.9.22\kotlin-stdlib-1.9.22.jar;C:\Users\Dillard\.m2\repository\org\jetbrains\annotations\13.0\annotations-13.0.jar;C:\Users\Dillard\.m2\repository\org\jetbrains\kotlin\kotlin-stdlib-jdk7\1.9.22\kotlin-stdlib-jdk7-1.9.22.jar;C:\Users\Dillard\.m2\repository\com\fasterxml\jackson\core\jackson-databind\2.13.4\jackson-databind-2.13.4.jar;C:\Users\Dillard\.m2\repository\com\fasterxml\jackson\core\jackson-annotations\2.13.4\jackson-annotations-2.13.4.jar;C:\Users\Dillard\.m2\repository\com\fasterxml\jackson\core\jackson-core\2.13.4\jackson-core-2.13.4.jar;C:\Users\Dillard\.m2\repository\junit\junit\4.13.2\junit-4.13.2.jar;C:\Users\Dillard\.m2\repository\org\hamcrest\hamcrest-core\1.3\hamcrest-core-1.3.jar;C:\Users\Dillard\.m2\repository\org\mockito\mockito-core\2.22.0\mockito-core-2.22.0.jar;C:\Users\Dillard\.m2\repository\net\bytebuddy\byte-buddy\1.8.21\byte-buddy-1.8.21.jar;C:\Users\Dillard\.m2\repository\net\bytebuddy\byte-buddy-agent\1.8.21\byte-buddy-agent-1.8.21.jar;C:\Users\Dillard\.m2\repository\org\objenesis\objenesis\2.6\objenesis-2.6.jar;"/>
    <property name="sun.cpu.endian" value="little"/>
    <property name="user.home" value="C:\Users\Dillard"/>
    <property name="user.language" value="en"/>
    <property name="java.specification.vendor" value="Oracle Corporation"/>
    <property name="java.version.date" value="2024-10-15"/>
    <property name="java.home" value="C:\Users\Dillard\.jdks\openjdk-23.0.1"/>
    <property name="file.separator" value="\"/>
    <property name="basedir" value="C:\Users\Dillard\OneDrive\Desktop\PLANETARIUM-TEAM-Dev_Ishq\PLANETARIUM-TEAM-Dev_Ishq\PLANETARIUM-TEAM-Dev_Ishq\Capstone Project"/>
    <property name="java.vm.compressedOopsMode" value="32-bit"/>
    <property name="line.separator" value="&#10;"/>
    <property name="java.vm.specification.vendor" value="Oracle Corporation"/>
    <property name="java.specification.name" value="Java Platform API Specification"/>
    <property name="surefire.real.class.path" value="C:\Users\Dillard\AppData\Local\Temp\surefire17514972132440393714\surefirebooter-20241126143847984_3.jar"/>
    <property name="user.script" value=""/>
    <property name="sun.management.compiler" value="HotSpot 64-Bit Tiered Compilers"/>
    <property name="java.runtime.version" value="23.0.1+11-39"/>
    <property name="user.name" value="Dillard"/>
    <property name="stdout.encoding" value="Cp1252"/>
    <property name="path.separator" value=";"/>
    <property name="os.version" value="10.0"/>
    <property name="java.runtime.name" value="OpenJDK Runtime Environment"/>
    <property name="file.encoding" value="UTF-8"/>
    <property name="java.vm.name" value="OpenJDK 64-Bit Server VM"/>
    <property name="localRepository" value="C:\Users\Dillard\.m2\repository"/>
    <property name="java.vendor.url.bug" value="https://bugreport.java.com/bugreport/"/>
    <property name="java.io.tmpdir" value="C:\Users\Dillard\AppData\Local\Temp\"/>
    <property name="idea.version" value="2024.2.4"/>
    <property name="java.version" value="23.0.1"/>
    <property name="user.dir" value="C:\Users\Dillard\OneDrive\Desktop\PLANETARIUM-TEAM-Dev_Ishq\PLANETARIUM-TEAM-Dev_Ishq\PLANETARIUM-TEAM-Dev_Ishq\Capstone Project"/>
    <property name="os.arch" value="amd64"/>
    <property name="java.vm.specification.name" value="Java Virtual Machine Specification"/>
    <property name="sun.os.patch.level" value=""/>
    <property name="native.encoding" value="Cp1252"/>
    <property name="java.library.path" value="C:\Users\Dillard\.jdks\openjdk-23.0.1\bin;C:\WINDOWS\Sun\Java\bin;C:\WINDOWS\system32;C:\WINDOWS;C:\WINDOWS\system32;C:\WINDOWS;C:\WINDOWS\System32\Wbem;C:\WINDOWS\System32\WindowsPowerShell\v1.0\;C:\WINDOWS\System32\OpenSSH\;C:\Program Files\Git\cmd;C:\Users\Dillard\AppData\Local\Programs\Eclipse Adoptium\jdk-11.0.24.8-hotspot\bin;C:\Users\Dillard\AppData\Local\Microsoft\WindowsApps;C:\Users\Dillard\AppData\Local\Programs\Microsoft VS Code\bin;C:\Program Files\JetBrains\IntelliJ IDEA Community Edition 2024.2.3\bin;;C:\Users\Dillard\AppData\Local\GitHubDesktop\bin;."/>
    <property name="java.vm.info" value="mixed mode, sharing"/>
    <property name="stderr.encoding" value="Cp1252"/>
    <property name="java.vendor" value="Oracle Corporation"/>
    <property name="java.vm.version" value="23.0.1+11-39"/>
    <property name="sun.io.unicode.encoding" value="UnicodeLittle"/>
    <property name="java.class.version" value="67.0"/>
  </properties>
  <testcase name="createUserPositiveTest" classname="com.revature.planetarium.repository.UserServiceMockTest" time="0.026"/>
  <testcase name="loginBadPassNegativeTest" classname="com.revature.planetarium.repository.UserServiceMockTest" time="0.002"/>
  <testcase name="createUserPass0LengthNegativeTest" classname="com.revature.planetarium.repository.UserServiceMockTest" time="0.001"/>
  <testcase name="createUserDupeNegativeTest" classname="com.revature.planetarium.repository.UserServiceMockTest" time="0.001"/>
  <testcase name="loginBadUserNegativeTest" classname="com.revature.planetarium.repository.UserServiceMockTest" time="0.002"/>
  <testcase name="createUser31LengthNegativeTest" classname="com.revature.planetarium.repository.UserServiceMockTest" time="0.001"/>
  <testcase name="createUser0LengthNegativeTest" classname="com.revature.planetarium.repository.UserServiceMockTest" time="0.002"/>
  <testcase name="createUserPass31LengthNegativeTest" classname="com.revature.planetarium.repository.UserServiceMockTest" time="0.001"/>
  <testcase name="loginUserPositiveTest" classname="com.revature.planetarium.repository.UserServiceMockTest" time="0.0"/>
</testsuite>